
> backend@0.0.0 start /home/ec2-user/server/backend
> node ./bin/www

[0mGET / [32m200 [0m6.233 ms - 724[0m
[0mGET /css/app.fbab2cd3.css [32m200 [0m1.638 ms - 2670[0m
[0mGET /js/app.92de5ddf.js [32m200 [0m1.642 ms - 56619[0m
[0mGET /js/chunk-vendors.0acb0f6d.js [32m200 [0m0.356 ms - 570591[0m
[0mGET /img/background.a6ebf816.jpg [32m200 [0m0.503 ms - 37759[0m
[0mGET /api/%EC%95%99%EB%A6%AC [36m304 [0m43.680 ms - -[0m
[0mGET /players/201001625 [36m304 [0m1.480 ms - -[0m
[0mGET /season/201.JPG [36m304 [0m0.452 ms - -[0m
[0mGET /players/201150565 [36m304 [0m0.381 ms - -[0m
[0mGET /players/207001625 [36m304 [0m0.371 ms - -[0m
[0mGET /season/207.JPG [36m304 [0m0.398 ms - -[0m
[0mGET /players/214001625 [36m304 [0m0.389 ms - -[0m
[0mGET /season/214.JPG [36m304 [0m0.320 ms - -[0m
[0mGET /players/216001625 [36m304 [0m0.350 ms - -[0m
[0mGET /season/216.JPG [36m304 [0m0.306 ms - -[0m
[0mGET /players/217183256 [36m304 [0m0.351 ms - -[0m
[0mGET /season/217.JPG [36m304 [0m0.314 ms - -[0m
[0mGET /players/300234536 [36m304 [0m0.353 ms - -[0m
[0mGET /players/317150565 [36m304 [0m0.360 ms - -[0m
[0mGET /season/300.JPG [36m304 [0m0.667 ms - -[0m
[0mGET /players/300233366 [36m304 [0m0.688 ms - -[0m
[0mGET /players/300183256 [36m304 [0m0.356 ms - -[0m
[0mGET /season/317.JPG [36m304 [0m0.324 ms - -[0m
[0mGET /season_background/201.png [36m304 [0m0.397 ms - -[0m
[0mGET /season_background/207.png [36m304 [0m0.367 ms - -[0m
[0mGET /season_background/214.png [36m304 [0m0.323 ms - -[0m
[0mGET /season_background/216.png [36m304 [0m0.334 ms - -[0m
[0mGET /season_background/217.png [36m304 [0m0.319 ms - -[0m
[0mGET /season_background/300.png [36m304 [0m0.346 ms - -[0m
[0mGET /season_background/317.png [36m304 [0m0.327 ms - -[0m
[0mGET /players/317234536 [36m304 [0m0.457 ms - -[0m
[0mGET /top_record/214001625 [36m304 [0m63.748 ms - -[0m
[0mGET /top_record/214001625 [36m304 [0m57.593 ms - -[0m
[0mGET /top_record/216001625 [36m304 [0m56.830 ms - -[0m
[0mGET /find/214001625 [36m304 [0m3.236 ms - -[0m
[0mGET /find/216001625 [36m304 [0m1.088 ms - -[0m
[0mGET /css/app.fbab2cd3.css [36m304 [0m0.450 ms - -[0m
[0mGET /js/app.92de5ddf.js.map [32m200 [0m0.426 ms - 201082[0m
[0mGET /js/chunk-vendors.0acb0f6d.js.map [32m200 [0m0.689 ms - 2192779[0m

> backend@0.0.0 start /home/ec2-user/server/backend
> node ./bin/www

[0mGET / [36m304 [0m4.739 ms - -[0m
[0mGET /css/app.fbab2cd3.css [36m304 [0m1.035 ms - -[0m
[0mGET /js/app.c99cc9fc.js [36m304 [0m0.991 ms - -[0m
[0mGET /js/chunk-vendors.0acb0f6d.js [36m304 [0m0.363 ms - -[0m
[0mGET /img/background.a6ebf816.jpg [36m304 [0m0.345 ms - -[0m
[0mGET /api/%EC%86%90%ED%9D%A5%EB%AF%BC [36m304 [0m42.851 ms - -[0m
[0mGET /players/201200104 [36m304 [0m1.142 ms - -[0m
[0mGET /season/201.JPG [36m304 [0m0.427 ms - -[0m
[0mGET /players/206200104 [36m304 [0m0.377 ms - -[0m
[0mGET /season/206.JPG [36m304 [0m0.327 ms - -[0m
[0mGET /players/207200104 [36m304 [0m0.429 ms - -[0m
[0mGET /season/207.JPG [36m304 [0m0.346 ms - -[0m
[0mGET /players/215200104 [36m304 [0m0.349 ms - -[0m
[0mGET /season/215.JPG [36m304 [0m0.314 ms - -[0m
[0mGET /players/295200104 [36m304 [0m1.437 ms - -[0m
[0mGET /season/295.JPG [36m304 [0m0.307 ms - -[0m
[0mGET /season/298.JPG [36m304 [0m0.629 ms - -[0m
[0mGET /players/298200104 [36m304 [0m0.658 ms - -[0m
[0mGET /players/300200104 [36m304 [0m0.692 ms - -[0m
[0mGET /season/300.JPG [36m304 [0m0.698 ms - -[0m
[0mGET /season/500.JPG [36m304 [0m0.652 ms - -[0m
[0mGET /players/500200104 [36m304 [0m0.675 ms - -[0m
[0mGET /players/501200104 [36m304 [0m0.365 ms - -[0m
[0mGET /season/501.JPG [36m304 [0m0.302 ms - -[0m
[0mGET /players/502200104 [36m304 [0m0.343 ms - -[0m
[0mGET /season/502.JPG [36m304 [0m0.311 ms - -[0m
[0mGET /season_background/201.png [36m304 [0m0.765 ms - -[0m
[0mGET /season_background/206.png [36m304 [0m0.753 ms - -[0m
[0mGET /season_background/207.png [36m304 [0m0.313 ms - -[0m
[0mGET /season_background/295.png [36m304 [0m0.860 ms - -[0m
[0mGET /season_background/215.png [36m304 [0m0.892 ms - -[0m
[0mGET /season_background/298.png [36m304 [0m0.804 ms - -[0m
[0mGET /season_background/300.png [36m304 [0m1.140 ms - -[0m
[0mGET /season_background/501.png [36m304 [0m0.939 ms - -[0m
[0mGET /season_background/500.png [36m304 [0m0.941 ms - -[0m
[0mGET /season_background/502.png [36m304 [0m0.844 ms - -[0m
[0mGET /top_record/295200104 [32m200 [0m63.217 ms - 8464[0m
[0mGET /top_record/215200104 [36m304 [0m57.528 ms - -[0m
[0mGET /find/295200104 [32m200 [0m16.873 ms - 70[0m
[0mGET /find/215200104 [32m200 [0m15.634 ms - 70[0m
[0mGET /formation/ [33m404 [0m1.512 ms - 149[0m
[0mGET /formation/532 [32m200 [0m3.177 ms - 90[0m
[0mGET /img/bg_filed02.31f73bd2.jpg [36m304 [0m0.234 ms - -[0m
[0mGET /top_record_combine/8,goal [32m200 [0m62.951 ms - 1405[0m
[0mGET /find/295200104 [36m304 [0m16.038 ms - -[0m
[0mGET /find/216173731 [32m200 [0m15.768 ms - 77[0m
[0mGET /find/210173731 [32m200 [0m15.732 ms - 77[0m
[0mGET /season/216.JPG [36m304 [0m0.350 ms - -[0m
[0mGET /players/216173731 [32m200 [0m3.248 ms - 26460[0m
[0mGET /players/210173731 [32m200 [0m2.353 ms - 22121[0m
[0mGET /season/210.JPG [32m200 [0m0.964 ms - 8172[0m
[0mGET /season_background/216.png [36m304 [0m0.668 ms - -[0m
[0mGET /season_background/210.png [32m200 [0m1.409 ms - 15134[0m
[0mGET /top_record_combine/2,tackle [32m200 [0m61.579 ms - 1389[0m
[0mGET /find/210227873 [32m200 [0m15.706 ms - 77[0m
[0mGET /find/218210625 [32m200 [0m15.253 ms - 77[0m
[0mGET /find/201184943 [32m200 [0m15.189 ms - 73[0m
[0mGET /players/210227873 [32m200 [0m2.963 ms - 21918[0m
[0mGET /season/218.JPG [32m200 [0m2.444 ms - 8165[0m
[0mGET /players/218210625 [32m200 [0m3.020 ms - 25607[0m
[0mGET /players/201184943 [32m200 [0m1.200 ms - 22530[0m
[0mGET /season_background/218.png [32m200 [0m1.160 ms - 27959[0m
[0mGET / [32m200 [0m0.493 ms - 724[0m
[0mGET / [32m200 [0m0.459 ms - 724[0m
[0mGET / [32m200 [0m0.458 ms - 724[0m
[0mGET / [32m200 [0m0.465 ms - 724[0m
[0mGET / [32m200 [0m0.376 ms - 724[0m
[0mGET / [36m304 [0m0.298 ms - -[0m
[0mGET /css/app.fbab2cd3.css [36m304 [0m0.319 ms - -[0m
[0mGET /js/app.c99cc9fc.js [36m304 [0m0.194 ms - -[0m
[0mGET /js/chunk-vendors.0acb0f6d.js [36m304 [0m0.324 ms - -[0m
[0mGET /img/background.a6ebf816.jpg [36m304 [0m0.306 ms - -[0m
[0mGET /api/%EC%95%99%EB%A6%AC [36m304 [0m24.257 ms - -[0m
[0mGET /players/201001625 [36m304 [0m0.816 ms - -[0m
[0mGET /season/201.JPG [36m304 [0m0.736 ms - -[0m
[0mGET /players/207001625 [36m304 [0m0.388 ms - -[0m
[0mGET /players/201150565 [36m304 [0m0.339 ms - -[0m
[0mGET /season/207.JPG [36m304 [0m0.303 ms - -[0m
[0mGET /players/214001625 [36m304 [0m0.350 ms - -[0m
[0mGET /players/216001625 [36m304 [0m0.625 ms - -[0m
[0mGET /season/214.JPG [36m304 [0m0.623 ms - -[0m
[0mGET /season/216.JPG [36m304 [0m0.680 ms - -[0m
[0mGET /players/217183256 [36m304 [0m0.642 ms - -[0m
[0mGET /season/217.JPG [36m304 [0m0.303 ms - -[0m
[0mGET /players/300183256 [36m304 [0m0.327 ms - -[0m
[0mGET /season/300.JPG [36m304 [0m0.309 ms - -[0m
[0mGET /players/300233366 [36m304 [0m0.339 ms - -[0m
[0mGET /players/317150565 [36m304 [0m1.154 ms - -[0m
[0mGET /players/300234536 [36m304 [0m1.134 ms - -[0m
[0mGET /season_background/214.png [36m304 [0m1.104 ms - -[0m
[0mGET /season_background/317.png [36m304 [0m0.867 ms - -[0m
[0mGET /season_background/207.png [36m304 [0m0.306 ms - -[0m
[0mGET /season_background/201.png [36m304 [0m0.304 ms - -[0m
[0mGET /season/317.JPG [36m304 [0m0.309 ms - -[0m
[0mGET /season_background/300.png [36m304 [0m0.894 ms - -[0m
[0mGET /season_background/217.png [36m304 [0m0.581 ms - -[0m
[0mGET /season_background/216.png [36m304 [0m0.564 ms - -[0m
[0mGET /players/317234536 [36m304 [0m0.369 ms - -[0m
[0mGET /top_record/216001625 [36m304 [0m57.556 ms - -[0m
[0mGET /top_record/216001625 [36m304 [0m56.141 ms - -[0m
[0mGET /top_record/21600162518/comment [32m200 [0m1.688 ms - 2[0m
[0mGET /formation/ [33m404 [0m0.492 ms - 149[0m
[0mGET /formation/4132 [32m200 [0m1.789 ms - 92[0m
[0mGET /img/bg_filed02.31f73bd2.jpg [36m304 [0m0.244 ms - -[0m
[0mGET /formation/4411 [32m200 [0m1.631 ms - 92[0m
[0mGET /top_record_combine/15,dribble [32m200 [0m62.141 ms - 1408[0m
[0mGET /find/101004231 [32m200 [0m15.545 ms - 73[0m
[0mGET /find/101242519 [32m200 [0m15.148 ms - 76[0m
[0mGET /find/214242519 [32m200 [0m15.238 ms - 76[0m
[0mGET /players/101004231 [32m200 [0m1.454 ms - 21050[0m
[0mGET /season/101.JPG [36m304 [0m0.349 ms - -[0m
[0mGET /players/101242519 [32m200 [0m1.109 ms - 20718[0m
[0mGET /season_background/101.png [36m304 [0m0.659 ms - -[0m
[0mGET /players/214242519 [32m200 [0m1.447 ms - 12679[0m
[0mGET /top_record_combine/18,shoot [32m200 [0m65.002 ms - 1400[0m
[0mGET /find/218186627 [32m200 [0m17.256 ms - 76[0m
[0mGET /find/101013743 [32m200 [0m14.960 ms - 80[0m
[0mGET /find/101004231 [36m304 [0m15.197 ms - -[0m
[0mGET /season/218.JPG [36m304 [0m0.865 ms - -[0m
[0mGET /season_background/218.png [36m304 [0m0.407 ms - -[0m
[0mGET /players/218186627 [32m200 [0m2.500 ms - 24899[0m
[0mGET /players/101013743 [32m200 [0m2.123 ms - 21597[0m
[0mGET /top_record_combine/25,tackle [32m200 [0m61.867 ms - 1374[0m
[0mGET /find/215226110 [32m200 [0m15.897 ms - 77[0m
[0mGET /find/502231677 [32m200 [0m15.048 ms - 76[0m
[0mGET /find/207189963 [32m200 [0m15.230 ms - 80[0m
[0mGET /players/215226110 [32m200 [0m1.904 ms - 25104[0m
[0mGET /season_background/502.png [36m304 [0m0.353 ms - -[0m
[0mGET /players/502231677 [32m200 [0m2.456 ms - 23639[0m
[0mGET /season/502.JPG [36m304 [0m0.927 ms - -[0m
[0mGET /season/215.JPG [36m304 [0m0.772 ms - -[0m
[0mGET /players/207189963 [32m200 [0m1.554 ms - 24024[0m
[0mGET /season_background/215.png [36m304 [0m6.413 ms - -[0m
